<?xml version="1.0" encoding="UTF-8"?>
<!-- Generated by org.testng.reporters.JUnitReportReporter -->
<testsuite skipped="0" hostname="DESKTOP-0M1MH5T" name="com.qa.linkedin.testcase.SearchDataDrivenTest" tests="6" failures="0" timestamp="2021-06-26T06:45:51 IST" time="62.878" errors="0">
  <testcase name="searchTest" time="7.493" classname="com.qa.linkedin.testcase.SearchDataDrivenTest"/>
  <testcase name="searchTest" time="8.652" classname="com.qa.linkedin.testcase.SearchDataDrivenTest"/>
  <testcase name="searchTest" time="10.071" classname="com.qa.linkedin.testcase.SearchDataDrivenTest"/>
  <testcase name="searchTest" time="8.565" classname="com.qa.linkedin.testcase.SearchDataDrivenTest"/>
  <testcase name="searchTest" time="7.947" classname="com.qa.linkedin.testcase.SearchDataDrivenTest"/>
  <testcase name="performLoginTest" time="20.150" classname="com.qa.linkedin.testcase.SearchDataDrivenTest"/>
</testsuite> <!-- com.qa.linkedin.testcase.SearchDataDrivenTest -->
