<?xml version="1.0" encoding="UTF-8"?>
<!-- Generated by org.testng.reporters.JUnitReportReporter -->
<testsuite skipped="0" hostname="DESKTOP-0M1MH5T" name="com.qa.linkedin.testcase.SearchDataDrivenTest" tests="6" failures="0" timestamp="2021-06-26T07:34:57 IST" time="67.499" errors="0">
  <testcase name="searchTest" time="7.363" classname="com.qa.linkedin.testcase.SearchDataDrivenTest"/>
  <system-out/>
  <testcase name="searchTest" time="9.628" classname="com.qa.linkedin.testcase.SearchDataDrivenTest"/>
  <system-out/>
  <testcase name="searchTest" time="7.462" classname="com.qa.linkedin.testcase.SearchDataDrivenTest"/>
  <system-out/>
  <testcase name="searchTest" time="8.055" classname="com.qa.linkedin.testcase.SearchDataDrivenTest"/>
  <system-out/>
  <testcase name="searchTest" time="7.588" classname="com.qa.linkedin.testcase.SearchDataDrivenTest"/>
  <system-out/>
  <testcase name="performLoginTest" time="27.403" classname="com.qa.linkedin.testcase.SearchDataDrivenTest"/>
  <system-out/>
</testsuite> <!-- com.qa.linkedin.testcase.SearchDataDrivenTest -->
